GROUP,PACKAGE,CLASS,INSTRUCTION_MISSED,INSTRUCTION_COVERED,BRANCH_MISSED,BRANCH_COVERED,LINE_MISSED,LINE_COVERED,COMPLEXITY_MISSED,COMPLEXITY_COVERED,METHOD_MISSED,METHOD_COVERED
library-management-system,com.ghosh.sanjay.enums,ReservationStatus,44,0,0,0,5,0,1,0,1,0
library-management-system,com.ghosh.sanjay.enums,BookStatus,44,0,0,0,5,0,1,0,1,0
library-management-system,com.ghosh.sanjay.enums,AccountStatus,54,0,0,0,6,0,1,0,1,0
library-management-system,com.ghosh.sanjay.enums,Person,211,0,38,0,6,0,33,0,14,0
library-management-system,com.ghosh.sanjay.enums,Constants,3,0,0,0,1,0,1,0,1,0
library-management-system,com.ghosh.sanjay.enums,Address,235,0,46,0,6,0,38,0,15,0
library-management-system,com.ghosh.sanjay.enums,BookFormat,74,0,0,0,8,0,1,0,1,0
library-management-system,com.ghosh.sanjay.enums,Person.PersonBuilder,45,0,0,0,1,0,7,0,7,0
library-management-system,com.ghosh.sanjay,LibraryManagementSystem,0,17,0,0,0,6,0,4,0,4
